INFO:     Will watch for changes in these directories: ['C:\\Users\\503\\Desktop\\整合\\gps-tracker\\backend']
INFO:     Uvicorn running on http://0.0.0.0:8000 (Press CTRL+C to quit)
INFO:     Started reloader process [9468] using WatchFiles
INFO:     Started server process [23736]
INFO:     Waiting for application startup.
INFO:     Application startup complete.
INFO:     ('127.0.0.1', 61920) - "WebSocket /ws/gps" [accepted]
INFO:     connection open
INFO:app.main:\u2705 裝置已註冊: device-mmlnk (\U0001f4bb 電腦_805)  連線數: 1
INFO:app.main:\U0001f4e1 裝置斷線: device-mmlnk  連線數: 0
INFO:app.main:\U0001f4e1 裝置斷線: device-mmlnk  連線數: 0
INFO:     connection closed
INFO:     ('127.0.0.1', 59627) - "WebSocket /ws/gps" [accepted]
INFO:     connection open
INFO:app.main:\u2705 裝置已註冊: device-mmlnk (\U0001f4bb 電腦_805)  連線數: 1
INFO:app.sionna_service:\u25b6 開始生成 SINR Map...
jitc_llvm_init(): LLVM API initialization failed ..
ERROR:app.sionna_service:生成 SINR Map 時出錯: sionna 套件未安裝: jit_init_thread_state(): the LLVM backend is inactive because the LLVM shared library ("LLVM-C.dll") could not be found! Set the DRJIT_LIBLLVM_PATH environment variable to specify its path.
請在 backend/.venv 中執行：pip install sionna sionna-rt
Traceback (most recent call last):
  File "C:\Users\503\Desktop\整合\gps-tracker\backend\app\sionna_service.py", line 84, in _load_sionna
    mi.set_variant("llvm_ad_mono_polarized")
ImportError: jit_init_thread_state(): the LLVM backend is inactive because the LLVM shared library ("LLVM-C.dll") could not be found! Set the DRJIT_LIBLLVM_PATH environment variable to specify its path.

The above exception was the direct cause of the following exception:

Traceback (most recent call last):
  File "C:\Users\503\Desktop\整合\gps-tracker\backend\app\sionna_service.py", line 152, in generate_sinr_map
    load_scene, SionnaTX, SionnaRX, PlanarArray, PathSolver, subcarrier_frequencies, RadioMapSolver = _load_sionna()
                                                                                                      ^^^^^^^^^^^^^^
  File "C:\Users\503\Desktop\整合\gps-tracker\backend\app\sionna_service.py", line 97, in _load_sionna
    raise ImportError(
ImportError: sionna 套件未安裝: jit_init_thread_state(): the LLVM backend is inactive because the LLVM shared library ("LLVM-C.dll") could not be found! Set the DRJIT_LIBLLVM_PATH environment variable to specify its path.
請在 backend/.venv 中執行：pip install sionna sionna-rt
INFO:app.sionna_service:\u25b6 開始生成 CFR Plot...
ERROR:app.sionna_service:生成 CFR Plot 時出錯: sionna 套件未安裝: jit_init_thread_state(): the LLVM backend is inactive because the LLVM shared library ("LLVM-C.dll") could not be found! Set the DRJIT_LIBLLVM_PATH environment variable to specify its path.
請在 backend/.venv 中執行：pip install sionna sionna-rt
Traceback (most recent call last):
  File "C:\Users\503\Desktop\整合\gps-tracker\backend\app\sionna_service.py", line 84, in _load_sionna
    mi.set_variant("llvm_ad_mono_polarized")
ImportError: jit_init_thread_state(): the LLVM backend is inactive because the LLVM shared library ("LLVM-C.dll") could not be found! Set the DRJIT_LIBLLVM_PATH environment variable to specify its path.

The above exception was the direct cause of the following exception:

Traceback (most recent call last):
  File "C:\Users\503\Desktop\整合\gps-tracker\backend\app\sionna_service.py", line 313, in generate_cfr_plot
    load_scene, SionnaTX, SionnaRX, PlanarArray, PathSolver, subcarrier_frequencies, _ = _load_sionna()
                                                                                         ^^^^^^^^^^^^^^
  File "C:\Users\503\Desktop\整合\gps-tracker\backend\app\sionna_service.py", line 97, in _load_sionna
    raise ImportError(
ImportError: sionna 套件未安裝: jit_init_thread_state(): the LLVM backend is inactive because the LLVM shared library ("LLVM-C.dll") could not be found! Set the DRJIT_LIBLLVM_PATH environment variable to specify its path.
請在 backend/.venv 中執行：pip install sionna sionna-rt
INFO:app.sionna_service:\u25b6 開始生成 Channel Response Plot...
ERROR:app.sionna_service:生成 Channel Response Plot 時出錯: sionna 套件未安裝: jit_init_thread_state(): the LLVM backend is inactive because the LLVM shared library ("LLVM-C.dll") could not be found! Set the DRJIT_LIBLLVM_PATH environment variable to specify its path.
請在 backend/.venv 中執行：pip install sionna sionna-rt
Traceback (most recent call last):
  File "C:\Users\503\Desktop\整合\gps-tracker\backend\app\sionna_service.py", line 84, in _load_sionna
    mi.set_variant("llvm_ad_mono_polarized")
ImportError: jit_init_thread_state(): the LLVM backend is inactive because the LLVM shared library ("LLVM-C.dll") could not be found! Set the DRJIT_LIBLLVM_PATH environment variable to specify its path.

The above exception was the direct cause of the following exception:

Traceback (most recent call last):
  File "C:\Users\503\Desktop\整合\gps-tracker\backend\app\sionna_service.py", line 486, in generate_channel_response
    load_scene, SionnaTX, SionnaRX, PlanarArray, PathSolver, subcarrier_frequencies, _ = _load_sionna()
                                                                                         ^^^^^^^^^^^^^^
  File "C:\Users\503\Desktop\整合\gps-tracker\backend\app\sionna_service.py", line 97, in _load_sionna
    raise ImportError(
ImportError: sionna 套件未安裝: jit_init_thread_state(): the LLVM backend is inactive because the LLVM shared library ("LLVM-C.dll") could not be found! Set the DRJIT_LIBLLVM_PATH environment variable to specify its path.
請在 backend/.venv 中執行：pip install sionna sionna-rt
INFO:app.sionna_service:\u25b6 開始生成 Channel Response Plot...
ERROR:app.sionna_service:生成 Channel Response Plot 時出錯: sionna 套件未安裝: jit_init_thread_state(): the LLVM backend is inactive because the LLVM shared library ("LLVM-C.dll") could not be found! Set the DRJIT_LIBLLVM_PATH environment variable to specify its path.
請在 backend/.venv 中執行：pip install sionna sionna-rt
Traceback (most recent call last):
  File "C:\Users\503\Desktop\整合\gps-tracker\backend\app\sionna_service.py", line 84, in _load_sionna
    mi.set_variant("llvm_ad_mono_polarized")
ImportError: jit_init_thread_state(): the LLVM backend is inactive because the LLVM shared library ("LLVM-C.dll") could not be found! Set the DRJIT_LIBLLVM_PATH environment variable to specify its path.

The above exception was the direct cause of the following exception:

Traceback (most recent call last):
  File "C:\Users\503\Desktop\整合\gps-tracker\backend\app\sionna_service.py", line 486, in generate_channel_response
    load_scene, SionnaTX, SionnaRX, PlanarArray, PathSolver, subcarrier_frequencies, _ = _load_sionna()
                                                                                         ^^^^^^^^^^^^^^
  File "C:\Users\503\Desktop\整合\gps-tracker\backend\app\sionna_service.py", line 97, in _load_sionna
    raise ImportError(
ImportError: sionna 套件未安裝: jit_init_thread_state(): the LLVM backend is inactive because the LLVM shared library ("LLVM-C.dll") could not be found! Set the DRJIT_LIBLLVM_PATH environment variable to specify its path.
請在 backend/.venv 中執行：pip install sionna sionna-rt
INFO:app.sionna_service:\u25b6 開始生成 Channel Response Plot...
ERROR:app.sionna_service:生成 Channel Response Plot 時出錯: sionna 套件未安裝: jit_init_thread_state(): the LLVM backend is inactive because the LLVM shared library ("LLVM-C.dll") could not be found! Set the DRJIT_LIBLLVM_PATH environment variable to specify its path.
請在 backend/.venv 中執行：pip install sionna sionna-rt
Traceback (most recent call last):
  File "C:\Users\503\Desktop\整合\gps-tracker\backend\app\sionna_service.py", line 84, in _load_sionna
    mi.set_variant("llvm_ad_mono_polarized")
ImportError: jit_init_thread_state(): the LLVM backend is inactive because the LLVM shared library ("LLVM-C.dll") could not be found! Set the DRJIT_LIBLLVM_PATH environment variable to specify its path.

The above exception was the direct cause of the following exception:

Traceback (most recent call last):
  File "C:\Users\503\Desktop\整合\gps-tracker\backend\app\sionna_service.py", line 486, in generate_channel_response
    load_scene, SionnaTX, SionnaRX, PlanarArray, PathSolver, subcarrier_frequencies, _ = _load_sionna()
                                                                                         ^^^^^^^^^^^^^^
  File "C:\Users\503\Desktop\整合\gps-tracker\backend\app\sionna_service.py", line 97, in _load_sionna
    raise ImportError(
ImportError: sionna 套件未安裝: jit_init_thread_state(): the LLVM backend is inactive because the LLVM shared library ("LLVM-C.dll") could not be found! Set the DRJIT_LIBLLVM_PATH environment variable to specify its path.
請在 backend/.venv 中執行：pip install sionna sionna-rt
INFO:app.main:\U0001f4e1 裝置斷線: device-mmlnk  連線數: 0
INFO:app.main:\U0001f4e1 裝置斷線: device-mmlnk  連線數: 0
INFO:     connection closed
